Arguments: 
  C:\Program Files\nodejs\node.exe D:\Java Environment\node\node_global\node_modules\yarn\bin\yarn.js install

PATH: 
  %SytemRoot%\system32;C:\Windows;C:\Windows\System32\Wbem;C:\Windows\System32\WindowsPowerShell\v1.0\;C:\Windows\System32\OpenSSH\;D:\Program Files\MySQL\MySQL Server 5.5\bin;D:\应用数据\xShell\;D:\应用程序\mingw64\bin;%TMCAT_HOME%\bin;D:\Java Environment\jdk1.8.0_281\bin;D:\Java Environment\apache-maven-3.6.3\bin;D:\Java Environment\MySQL\MySQL Server 5.5\bin;D:\Java Environment\Git\cmd;D:\Java Environment\SVN\bin;D:\Java Environment\go\bin;D:\应用程序\;C:\Program Files\nodejs\;D:\应用程序\微信web开发者工具\dll;C:\Users\13398\AppData\Local\Programs\Python\Python39\Scripts\;C:\Users\13398\AppData\Local\Programs\Python\Python39\;C:\Users\13398\AppData\Local\Microsoft\WindowsApps;D:\应用程序\IntelliJ IDEA 2020.3.2\bin;;D:\应用程序\PyCharm Community Edition 2020.3.2\bin;;D:\应用程序\IntelliJ IDEA Community Edition 2020.3.2\bin;;D:\应用程序\WebStorm 2020.3.2\bin;;D:\Java Environment\node\node_global;C:\Users\13398\AppData\Roaming\npm;D:\应用程序\VisualStudioCode\Microsoft VS Code\bin

Yarn version: 
  1.22.19

Node version: 
  16.17.0

Platform: 
  win32 x64

Trace: 
  Error: certificate has expired
      at TLSSocket.onConnectSecure (node:_tls_wrap:1535:34)
      at TLSSocket.emit (node:events:513:28)
      at TLSSocket._finishInit (node:_tls_wrap:949:8)
      at TLSWrap.ssl.onhandshakedone (node:_tls_wrap:730:12)

npm manifest: 
  {
    "name": "bookKeeping",
    "version": "1.0.0",
    "private": true,
    "description": "money record",
    "templateInfo": {
      "name": "default",
      "typescript": true,
      "css": "Sass",
      "framework": "React"
    },
    "scripts": {
      "build:weapp": "taro build --type weapp",
      "build:swan": "taro build --type swan",
      "build:alipay": "taro build --type alipay",
      "build:tt": "taro build --type tt",
      "build:h5": "taro build --type h5",
      "build:rn": "taro build --type rn",
      "build:qq": "taro build --type qq",
      "build:jd": "taro build --type jd",
      "build:quickapp": "taro build --type quickapp",
      "build:harmony-hybrid": "taro build --type harmony-hybrid",
      "dev:weapp": "npm run build:weapp -- --watch",
      "dev:swan": "npm run build:swan -- --watch",
      "dev:alipay": "npm run build:alipay -- --watch",
      "dev:tt": "npm run build:tt -- --watch",
      "dev:h5": "npm run build:h5 -- --watch",
      "dev:rn": "npm run build:rn -- --watch",
      "dev:qq": "npm run build:qq -- --watch",
      "dev:jd": "npm run build:jd -- --watch",
      "dev:quickapp": "npm run build:quickapp -- --watch",
      "dev:harmony-hybrid": "npm run build:harmony-hybrid -- --watch",
      "test": "jest"
    },
    "browserslist": [
      "last 3 versions",
      "Android >= 4.1",
      "ios >= 8"
    ],
    "author": "",
    "dependencies": {
      "@babel/runtime": "^7.21.5",
      "@tarojs/components": "3.6.23",
      "@tarojs/helper": "3.6.23",
      "@tarojs/plugin-platform-weapp": "3.6.23",
      "@tarojs/plugin-platform-alipay": "3.6.23",
      "@tarojs/plugin-platform-tt": "3.6.23",
      "@tarojs/plugin-platform-swan": "3.6.23",
      "@tarojs/plugin-platform-jd": "3.6.23",
      "@tarojs/plugin-platform-qq": "3.6.23",
      "@tarojs/plugin-platform-h5": "3.6.23",
      "@tarojs/plugin-platform-harmony-hybrid": "3.6.23",
      "@tarojs/runtime": "3.6.23",
      "@tarojs/shared": "3.6.23",
      "@tarojs/taro": "3.6.23",
      "@tarojs/plugin-framework-react": "3.6.23",
      "@tarojs/react": "3.6.23",
      "react-dom": "^18.0.0",
      "react": "^18.0.0"
    },
    "devDependencies": {
      "@babel/core": "^7.8.0",
      "@tarojs/cli": "3.6.23",
      "@types/webpack-env": "^1.13.6",
      "@tarojs/test-utils-react": "^0.1.1",
      "@types/react": "^18.0.0",
      "webpack": "5.78.0",
      "@tarojs/taro-loader": "3.6.23",
      "@tarojs/webpack5-runner": "3.6.23",
      "babel-preset-taro": "3.6.23",
      "eslint-config-taro": "3.6.23",
      "eslint": "^8.12.0",
      "@pmmmwh/react-refresh-webpack-plugin": "^0.5.5",
      "react-refresh": "^0.11.0",
      "eslint-plugin-react": "^7.8.2",
      "eslint-plugin-import": "^2.12.0",
      "eslint-plugin-react-hooks": "^4.2.0",
      "stylelint": "^14.4.0",
      "@typescript-eslint/parser": "^6.2.0",
      "@typescript-eslint/eslint-plugin": "^6.2.0",
      "typescript": "^5.1.0",
      "tsconfig-paths-webpack-plugin": "^4.1.0",
      "postcss": "^8.4.18",
      "ts-node": "^10.9.1",
      "@types/node": "^18.15.11",
      "@types/jest": "^29.3.1",
      "jest": "^29.3.1",
      "jest-environment-jsdom": "^29.5.0"
    }
  }

yarn manifest: 
  No manifest

Lockfile: 
  No lockfile
